azureRegion = "westus"
hubVnetName = "f5_xc_hub_vnet"
projectPrefix = "jat"
resourceGroup = "jat2-f5-xc"
workloadSubnet = "/subscriptions/0f92c295-b01d-47ab-a709-1868040254df/resourceGroups/jat2-f5-xc/providers/Microsoft.Network/virtualNetworks/f5_xc_spoke_vnet/subnets/workload_subnet"
azureRegion = "eastus"
hubVnetName = "f5_xc_hub_vnet"
projectPrefix = "jat"
resourceGroup = "jat-f5-xc"
workloadSubnet = "/subscriptions/0f92c295-b01d-47ab-a709-1868040254df/resourceGroups/jat-f5-xc/providers/Microsoft.Network/virtualNetworks/f5_xc_spoke_vnet/subnets/workload_subnet"
[33m╷[0m[0m
[33m│[0m [0m[1m[33mWarning: [0m[0m[1mNo outputs found[0m
[33m│[0m [0m
[33m│[0m [0m[0mThe state file either has no outputs defined, or all the defined outputs
[33m│[0m [0mare empty. Please define an output in your configuration with the `output`
[33m│[0m [0mkeyword and run `terraform refresh` for it to become available. If you are
[33m│[0m [0musing interpolation, please verify the interpolated value is not empty. You
[33m│[0m [0mcan use the `terraform console` command to assist.
[33m╵[0m[0m
workload_pip = "20.245.94.47"
workload_private_ip = "10.2.18.4"
workload_pip = "20.127.39.161"
workload_private_ip = "10.2.2.4"
[33m╷[0m[0m
[33m│[0m [0m[1m[33mWarning: [0m[0m[1mNo outputs found[0m
[33m│[0m [0m
[33m│[0m [0m[0mThe state file either has no outputs defined, or all the defined outputs
[33m│[0m [0mare empty. Please define an output in your configuration with the `output`
[33m│[0m [0mkeyword and run `terraform refresh` for it to become available. If you are
[33m│[0m [0musing interpolation, please verify the interpolated value is not empty. You
[33m│[0m [0mcan use the `terraform console` command to assist.
[33m╵[0m[0m
[33m╷[0m[0m
[33m│[0m [0m[1m[33mWarning: [0m[0m[1mNo outputs found[0m
[33m│[0m [0m
[33m│[0m [0m[0mThe state file either has no outputs defined, or all the defined outputs
[33m│[0m [0mare empty. Please define an output in your configuration with the `output`
[33m│[0m [0mkeyword and run `terraform refresh` for it to become available. If you are
[33m│[0m [0musing interpolation, please verify the interpolated value is not empty. You
[33m│[0m [0mcan use the `terraform console` command to assist.
[33m╵[0m[0m
awsAz1 = "us-west-2a"
awsAz2 = "us-west-2b"
awsAz3 = "us-west-2c"
awsRegion = "us-west-2"
externalSubnets = {
  "az1" = {
    "arn" = "arn:aws:ec2:us-west-2:065972273535:subnet/subnet-09df7aa691c690a58"
    "assign_ipv6_address_on_creation" = false
    "availability_zone" = "us-west-2a"
    "availability_zone_id" = "usw2-az1"
    "cidr_block" = "100.64.32.0/24"
    "customer_owned_ipv4_pool" = ""
    "enable_dns64" = false
    "enable_resource_name_dns_a_record_on_launch" = false
    "enable_resource_name_dns_aaaa_record_on_launch" = false
    "id" = "subnet-09df7aa691c690a58"
    "ipv6_cidr_block" = ""
    "ipv6_cidr_block_association_id" = ""
    "ipv6_native" = false
    "map_customer_owned_ip_on_launch" = false
    "map_public_ip_on_launch" = true
    "outpost_arn" = ""
    "owner_id" = "065972273535"
    "private_dns_hostname_type_on_launch" = "ip-name"
    "tags" = tomap({
      "Name" = "jat-f5-xc-services-external-az1"
    })
    "tags_all" = tomap({
      "Name" = "jat-f5-xc-services-external-az1"
    })
    "timeouts" = null /* object */
    "vpc_id" = "vpc-02b592452f2a018ef"
  }
  "az2" = {
    "arn" = "arn:aws:ec2:us-west-2:065972273535:subnet/subnet-0a6d0839d8ffa146a"
    "assign_ipv6_address_on_creation" = false
    "availability_zone" = "us-west-2b"
    "availability_zone_id" = "usw2-az2"
    "cidr_block" = "100.64.35.0/24"
    "customer_owned_ipv4_pool" = ""
    "enable_dns64" = false
    "enable_resource_name_dns_a_record_on_launch" = false
    "enable_resource_name_dns_aaaa_record_on_launch" = false
    "id" = "subnet-0a6d0839d8ffa146a"
    "ipv6_cidr_block" = ""
    "ipv6_cidr_block_association_id" = ""
    "ipv6_native" = false
    "map_customer_owned_ip_on_launch" = false
    "map_public_ip_on_launch" = true
    "outpost_arn" = ""
    "owner_id" = "065972273535"
    "private_dns_hostname_type_on_launch" = "ip-name"
    "tags" = tomap({
      "Name" = "jat-f5-xc-services-external-az2"
    })
    "tags_all" = tomap({
      "Name" = "jat-f5-xc-services-external-az2"
    })
    "timeouts" = null /* object */
    "vpc_id" = "vpc-02b592452f2a018ef"
  }
  "az3" = {
    "arn" = "arn:aws:ec2:us-west-2:065972273535:subnet/subnet-0a5c74b16384445f2"
    "assign_ipv6_address_on_creation" = false
    "availability_zone" = "us-west-2c"
    "availability_zone_id" = "usw2-az3"
    "cidr_block" = "100.64.36.0/24"
    "customer_owned_ipv4_pool" = ""
    "enable_dns64" = false
    "enable_resource_name_dns_a_record_on_launch" = false
    "enable_resource_name_dns_aaaa_record_on_launch" = false
    "id" = "subnet-0a5c74b16384445f2"
    "ipv6_cidr_block" = ""
    "ipv6_cidr_block_association_id" = ""
    "ipv6_native" = false
    "map_customer_owned_ip_on_launch" = false
    "map_public_ip_on_launch" = true
    "outpost_arn" = ""
    "owner_id" = "065972273535"
    "private_dns_hostname_type_on_launch" = "ip-name"
    "tags" = tomap({
      "Name" = "jat-f5-xc-services-external-az3"
    })
    "tags_all" = tomap({
      "Name" = "jat-f5-xc-services-external-az3"
    })
    "timeouts" = null /* object */
    "vpc_id" = "vpc-02b592452f2a018ef"
  }
}
internalSubnets = {
  "az1" = {
    "arn" = "arn:aws:ec2:us-west-2:065972273535:subnet/subnet-03ce60c96d3fe04bf"
    "assign_ipv6_address_on_creation" = false
    "availability_zone" = "us-west-2a"
    "availability_zone_id" = "usw2-az1"
    "cidr_block" = "100.64.33.0/24"
    "customer_owned_ipv4_pool" = ""
    "enable_dns64" = false
    "enable_resource_name_dns_a_record_on_launch" = false
    "enable_resource_name_dns_aaaa_record_on_launch" = false
    "id" = "subnet-03ce60c96d3fe04bf"
    "ipv6_cidr_block" = ""
    "ipv6_cidr_block_association_id" = ""
    "ipv6_native" = false
    "map_customer_owned_ip_on_launch" = false
    "map_public_ip_on_launch" = false
    "outpost_arn" = ""
    "owner_id" = "065972273535"
    "private_dns_hostname_type_on_launch" = "ip-name"
    "tags" = tomap({
      "Name" = "jat-f5-xc-services-internal-az1"
    })
    "tags_all" = tomap({
      "Name" = "jat-f5-xc-services-internal-az1"
    })
    "timeouts" = null /* object */
    "vpc_id" = "vpc-02b592452f2a018ef"
  }
  "az2" = {
    "arn" = "arn:aws:ec2:us-west-2:065972273535:subnet/subnet-0cc3b906c9b9bb7df"
    "assign_ipv6_address_on_creation" = false
    "availability_zone" = "us-west-2b"
    "availability_zone_id" = "usw2-az2"
    "cidr_block" = "100.64.37.0/24"
    "customer_owned_ipv4_pool" = ""
    "enable_dns64" = false
    "enable_resource_name_dns_a_record_on_launch" = false
    "enable_resource_name_dns_aaaa_record_on_launch" = false
    "id" = "subnet-0cc3b906c9b9bb7df"
    "ipv6_cidr_block" = ""
    "ipv6_cidr_block_association_id" = ""
    "ipv6_native" = false
    "map_customer_owned_ip_on_launch" = false
    "map_public_ip_on_launch" = false
    "outpost_arn" = ""
    "owner_id" = "065972273535"
    "private_dns_hostname_type_on_launch" = "ip-name"
    "tags" = tomap({
      "Name" = "jat-f5-xc-services-internal-az2"
    })
    "tags_all" = tomap({
      "Name" = "jat-f5-xc-services-internal-az2"
    })
    "timeouts" = null /* object */
    "vpc_id" = "vpc-02b592452f2a018ef"
  }
  "az3" = {
    "arn" = "arn:aws:ec2:us-west-2:065972273535:subnet/subnet-07625024c9db238f9"
    "assign_ipv6_address_on_creation" = false
    "availability_zone" = "us-west-2c"
    "availability_zone_id" = "usw2-az3"
    "cidr_block" = "100.64.39.0/24"
    "customer_owned_ipv4_pool" = ""
    "enable_dns64" = false
    "enable_resource_name_dns_a_record_on_launch" = false
    "enable_resource_name_dns_aaaa_record_on_launch" = false
    "id" = "subnet-07625024c9db238f9"
    "ipv6_cidr_block" = ""
    "ipv6_cidr_block_association_id" = ""
    "ipv6_native" = false
    "map_customer_owned_ip_on_launch" = false
    "map_public_ip_on_launch" = false
    "outpost_arn" = ""
    "owner_id" = "065972273535"
    "private_dns_hostname_type_on_launch" = "ip-name"
    "tags" = tomap({
      "Name" = "jat-f5-xc-services-internal-az3"
    })
    "tags_all" = tomap({
      "Name" = "jat-f5-xc-services-internal-az3"
    })
    "timeouts" = null /* object */
    "vpc_id" = "vpc-02b592452f2a018ef"
  }
}
projectPrefix = "jat"
securityGroup = "sg-0535bbc043e4ef1e9"
serviceCidrBlock = "100.64.32.0/20"
serviceExternalRouteTable = "rtb-0991aa67344568aba"
spokeExternalSubnets = {
  "az1" = {
    "arn" = "arn:aws:ec2:us-west-2:065972273535:subnet/subnet-0a41b7d02c16f0d2b"
    "assign_ipv6_address_on_creation" = false
    "availability_zone" = "us-west-2a"
    "availability_zone_id" = "usw2-az1"
    "cidr_block" = "10.0.32.0/24"
    "customer_owned_ipv4_pool" = ""
    "enable_dns64" = false
    "enable_resource_name_dns_a_record_on_launch" = false
    "enable_resource_name_dns_aaaa_record_on_launch" = false
    "id" = "subnet-0a41b7d02c16f0d2b"
    "ipv6_cidr_block" = ""
    "ipv6_cidr_block_association_id" = ""
    "ipv6_native" = false
    "map_customer_owned_ip_on_launch" = false
    "map_public_ip_on_launch" = true
    "outpost_arn" = ""
    "owner_id" = "065972273535"
    "private_dns_hostname_type_on_launch" = "ip-name"
    "tags" = tomap({
      "Name" = "jat-f5-xc-spoke-external-az1"
    })
    "tags_all" = tomap({
      "Name" = "jat-f5-xc-spoke-external-az1"
    })
    "timeouts" = null /* object */
    "vpc_id" = "vpc-028d94f1b1d17f5fc"
  }
  "az2" = {
    "arn" = "arn:aws:ec2:us-west-2:065972273535:subnet/subnet-00ad8316c07e4dad4"
    "assign_ipv6_address_on_creation" = false
    "availability_zone" = "us-west-2b"
    "availability_zone_id" = "usw2-az2"
    "cidr_block" = "10.0.35.0/24"
    "customer_owned_ipv4_pool" = ""
    "enable_dns64" = false
    "enable_resource_name_dns_a_record_on_launch" = false
    "enable_resource_name_dns_aaaa_record_on_launch" = false
    "id" = "subnet-00ad8316c07e4dad4"
    "ipv6_cidr_block" = ""
    "ipv6_cidr_block_association_id" = ""
    "ipv6_native" = false
    "map_customer_owned_ip_on_launch" = false
    "map_public_ip_on_launch" = true
    "outpost_arn" = ""
    "owner_id" = "065972273535"
    "private_dns_hostname_type_on_launch" = "ip-name"
    "tags" = tomap({
      "Name" = "jat-f5-xc-spoke-external-az2"
    })
    "tags_all" = tomap({
      "Name" = "jat-f5-xc-spoke-external-az2"
    })
    "timeouts" = null /* object */
    "vpc_id" = "vpc-028d94f1b1d17f5fc"
  }
  "az3" = {
    "arn" = "arn:aws:ec2:us-west-2:065972273535:subnet/subnet-0f33afd048a715409"
    "assign_ipv6_address_on_creation" = false
    "availability_zone" = "us-west-2c"
    "availability_zone_id" = "usw2-az3"
    "cidr_block" = "10.0.38.0/24"
    "customer_owned_ipv4_pool" = ""
    "enable_dns64" = false
    "enable_resource_name_dns_a_record_on_launch" = false
    "enable_resource_name_dns_aaaa_record_on_launch" = false
    "id" = "subnet-0f33afd048a715409"
    "ipv6_cidr_block" = ""
    "ipv6_cidr_block_association_id" = ""
    "ipv6_native" = false
    "map_customer_owned_ip_on_launch" = false
    "map_public_ip_on_launch" = true
    "outpost_arn" = ""
    "owner_id" = "065972273535"
    "private_dns_hostname_type_on_launch" = "ip-name"
    "tags" = tomap({
      "Name" = "jat-f5-xc-spoke-external-az3"
    })
    "tags_all" = tomap({
      "Name" = "jat-f5-xc-spoke-external-az3"
    })
    "timeouts" = null /* object */
    "vpc_id" = "vpc-028d94f1b1d17f5fc"
  }
}
spokeSecurityGroup = "sg-022ce187d5782ef19"
spokeVpcId = "vpc-028d94f1b1d17f5fc"
spokeWorkloadSubnets = {
  "az1" = {
    "arn" = "arn:aws:ec2:us-west-2:065972273535:subnet/subnet-04c3219f37b974b99"
    "assign_ipv6_address_on_creation" = false
    "availability_zone" = "us-west-2a"
    "availability_zone_id" = "usw2-az1"
    "cidr_block" = "10.0.34.0/24"
    "customer_owned_ipv4_pool" = ""
    "enable_dns64" = false
    "enable_resource_name_dns_a_record_on_launch" = false
    "enable_resource_name_dns_aaaa_record_on_launch" = false
    "id" = "subnet-04c3219f37b974b99"
    "ipv6_cidr_block" = ""
    "ipv6_cidr_block_association_id" = ""
    "ipv6_native" = false
    "map_customer_owned_ip_on_launch" = false
    "map_public_ip_on_launch" = false
    "outpost_arn" = ""
    "owner_id" = "065972273535"
    "private_dns_hostname_type_on_launch" = "ip-name"
    "tags" = tomap({
      "Name" = "jat-f5-xc-spoke-workload-az1"
    })
    "tags_all" = tomap({
      "Name" = "jat-f5-xc-spoke-workload-az1"
    })
    "timeouts" = null /* object */
    "vpc_id" = "vpc-028d94f1b1d17f5fc"
  }
  "az2" = {
    "arn" = "arn:aws:ec2:us-west-2:065972273535:subnet/subnet-01951360023bae0dc"
    "assign_ipv6_address_on_creation" = false
    "availability_zone" = "us-west-2b"
    "availability_zone_id" = "usw2-az2"
    "cidr_block" = "10.0.37.0/24"
    "customer_owned_ipv4_pool" = ""
    "enable_dns64" = false
    "enable_resource_name_dns_a_record_on_launch" = false
    "enable_resource_name_dns_aaaa_record_on_launch" = false
    "id" = "subnet-01951360023bae0dc"
    "ipv6_cidr_block" = ""
    "ipv6_cidr_block_association_id" = ""
    "ipv6_native" = false
    "map_customer_owned_ip_on_launch" = false
    "map_public_ip_on_launch" = false
    "outpost_arn" = ""
    "owner_id" = "065972273535"
    "private_dns_hostname_type_on_launch" = "ip-name"
    "tags" = tomap({
      "Name" = "jat-f5-xc-spoke-workload-az2"
    })
    "tags_all" = tomap({
      "Name" = "jat-f5-xc-spoke-workload-az2"
    })
    "timeouts" = null /* object */
    "vpc_id" = "vpc-028d94f1b1d17f5fc"
  }
  "az3" = {
    "arn" = "arn:aws:ec2:us-west-2:065972273535:subnet/subnet-0b413b231aa087651"
    "assign_ipv6_address_on_creation" = false
    "availability_zone" = "us-west-2c"
    "availability_zone_id" = "usw2-az3"
    "cidr_block" = "10.0.40.0/24"
    "customer_owned_ipv4_pool" = ""
    "enable_dns64" = false
    "enable_resource_name_dns_a_record_on_launch" = false
    "enable_resource_name_dns_aaaa_record_on_launch" = false
    "id" = "subnet-0b413b231aa087651"
    "ipv6_cidr_block" = ""
    "ipv6_cidr_block_association_id" = ""
    "ipv6_native" = false
    "map_customer_owned_ip_on_launch" = false
    "map_public_ip_on_launch" = false
    "outpost_arn" = ""
    "owner_id" = "065972273535"
    "private_dns_hostname_type_on_launch" = "ip-name"
    "tags" = tomap({
      "Name" = "jat-f5-xc-spoke-workload-az3"
    })
    "tags_all" = tomap({
      "Name" = "jat-f5-xc-spoke-workload-az3"
    })
    "timeouts" = null /* object */
    "vpc_id" = "vpc-028d94f1b1d17f5fc"
  }
}
vpcId = "vpc-02b592452f2a018ef"
workloadSubnets = {
  "az1" = {
    "arn" = "arn:aws:ec2:us-west-2:065972273535:subnet/subnet-054308bac259fd454"
    "assign_ipv6_address_on_creation" = false
    "availability_zone" = "us-west-2a"
    "availability_zone_id" = "usw2-az1"
    "cidr_block" = "100.64.34.0/24"
    "customer_owned_ipv4_pool" = ""
    "enable_dns64" = false
    "enable_resource_name_dns_a_record_on_launch" = false
    "enable_resource_name_dns_aaaa_record_on_launch" = false
    "id" = "subnet-054308bac259fd454"
    "ipv6_cidr_block" = ""
    "ipv6_cidr_block_association_id" = ""
    "ipv6_native" = false
    "map_customer_owned_ip_on_launch" = false
    "map_public_ip_on_launch" = false
    "outpost_arn" = ""
    "owner_id" = "065972273535"
    "private_dns_hostname_type_on_launch" = "ip-name"
    "tags" = tomap({
      "Name" = "jat-f5-xc-services-workload-az1"
    })
    "tags_all" = tomap({
      "Name" = "jat-f5-xc-services-workload-az1"
    })
    "timeouts" = null /* object */
    "vpc_id" = "vpc-02b592452f2a018ef"
  }
  "az2" = {
    "arn" = "arn:aws:ec2:us-west-2:065972273535:subnet/subnet-0f62a155c09d716a4"
    "assign_ipv6_address_on_creation" = false
    "availability_zone" = "us-west-2b"
    "availability_zone_id" = "usw2-az2"
    "cidr_block" = "100.64.38.0/24"
    "customer_owned_ipv4_pool" = ""
    "enable_dns64" = false
    "enable_resource_name_dns_a_record_on_launch" = false
    "enable_resource_name_dns_aaaa_record_on_launch" = false
    "id" = "subnet-0f62a155c09d716a4"
    "ipv6_cidr_block" = ""
    "ipv6_cidr_block_association_id" = ""
    "ipv6_native" = false
    "map_customer_owned_ip_on_launch" = false
    "map_public_ip_on_launch" = false
    "outpost_arn" = ""
    "owner_id" = "065972273535"
    "private_dns_hostname_type_on_launch" = "ip-name"
    "tags" = tomap({
      "Name" = "jat-f5-xc-services-workload-az2"
    })
    "tags_all" = tomap({
      "Name" = "jat-f5-xc-services-workload-az2"
    })
    "timeouts" = null /* object */
    "vpc_id" = "vpc-02b592452f2a018ef"
  }
  "az3" = {
    "arn" = "arn:aws:ec2:us-west-2:065972273535:subnet/subnet-0136e964c84a71285"
    "assign_ipv6_address_on_creation" = false
    "availability_zone" = "us-west-2c"
    "availability_zone_id" = "usw2-az3"
    "cidr_block" = "100.64.40.0/24"
    "customer_owned_ipv4_pool" = ""
    "enable_dns64" = false
    "enable_resource_name_dns_a_record_on_launch" = false
    "enable_resource_name_dns_aaaa_record_on_launch" = false
    "id" = "subnet-0136e964c84a71285"
    "ipv6_cidr_block" = ""
    "ipv6_cidr_block_association_id" = ""
    "ipv6_native" = false
    "map_customer_owned_ip_on_launch" = false
    "map_public_ip_on_launch" = false
    "outpost_arn" = ""
    "owner_id" = "065972273535"
    "private_dns_hostname_type_on_launch" = "ip-name"
    "tags" = tomap({
      "Name" = "jat-f5-xc-services-workload-az3"
    })
    "tags_all" = tomap({
      "Name" = "jat-f5-xc-services-workload-az3"
    })
    "timeouts" = null /* object */
    "vpc_id" = "vpc-02b592452f2a018ef"
  }
}
awsAz1 = "us-east-1a"
awsAz2 = "us-east-1b"
awsAz3 = "us-east-1c"
awsRegion = "us-east-1"
externalSubnets = {
  "az1" = {
    "arn" = "arn:aws:ec2:us-east-1:065972273535:subnet/subnet-0530edde3c09984e8"
    "assign_ipv6_address_on_creation" = false
    "availability_zone" = "us-east-1a"
    "availability_zone_id" = "use1-az1"
    "cidr_block" = "100.64.0.0/24"
    "customer_owned_ipv4_pool" = ""
    "enable_dns64" = false
    "enable_resource_name_dns_a_record_on_launch" = false
    "enable_resource_name_dns_aaaa_record_on_launch" = false
    "id" = "subnet-0530edde3c09984e8"
    "ipv6_cidr_block" = ""
    "ipv6_cidr_block_association_id" = ""
    "ipv6_native" = false
    "map_customer_owned_ip_on_launch" = false
    "map_public_ip_on_launch" = true
    "outpost_arn" = ""
    "owner_id" = "065972273535"
    "private_dns_hostname_type_on_launch" = "ip-name"
    "tags" = tomap({
      "Name" = "jat-f5-xc-services-external-az1"
    })
    "tags_all" = tomap({
      "Name" = "jat-f5-xc-services-external-az1"
    })
    "timeouts" = null /* object */
    "vpc_id" = "vpc-07f3e3f166c21e474"
  }
  "az2" = {
    "arn" = "arn:aws:ec2:us-east-1:065972273535:subnet/subnet-0b9466727afd82221"
    "assign_ipv6_address_on_creation" = false
    "availability_zone" = "us-east-1b"
    "availability_zone_id" = "use1-az2"
    "cidr_block" = "100.64.3.0/24"
    "customer_owned_ipv4_pool" = ""
    "enable_dns64" = false
    "enable_resource_name_dns_a_record_on_launch" = false
    "enable_resource_name_dns_aaaa_record_on_launch" = false
    "id" = "subnet-0b9466727afd82221"
    "ipv6_cidr_block" = ""
    "ipv6_cidr_block_association_id" = ""
    "ipv6_native" = false
    "map_customer_owned_ip_on_launch" = false
    "map_public_ip_on_launch" = true
    "outpost_arn" = ""
    "owner_id" = "065972273535"
    "private_dns_hostname_type_on_launch" = "ip-name"
    "tags" = tomap({
      "Name" = "jat-f5-xc-services-external-az2"
    })
    "tags_all" = tomap({
      "Name" = "jat-f5-xc-services-external-az2"
    })
    "timeouts" = null /* object */
    "vpc_id" = "vpc-07f3e3f166c21e474"
  }
  "az3" = {
    "arn" = "arn:aws:ec2:us-east-1:065972273535:subnet/subnet-00e89a93a69ad5cf3"
    "assign_ipv6_address_on_creation" = false
    "availability_zone" = "us-east-1c"
    "availability_zone_id" = "use1-az4"
    "cidr_block" = "100.64.6.0/24"
    "customer_owned_ipv4_pool" = ""
    "enable_dns64" = false
    "enable_resource_name_dns_a_record_on_launch" = false
    "enable_resource_name_dns_aaaa_record_on_launch" = false
    "id" = "subnet-00e89a93a69ad5cf3"
    "ipv6_cidr_block" = ""
    "ipv6_cidr_block_association_id" = ""
    "ipv6_native" = false
    "map_customer_owned_ip_on_launch" = false
    "map_public_ip_on_launch" = true
    "outpost_arn" = ""
    "owner_id" = "065972273535"
    "private_dns_hostname_type_on_launch" = "ip-name"
    "tags" = tomap({
      "Name" = "jat-f5-xc-services-external-az3"
    })
    "tags_all" = tomap({
      "Name" = "jat-f5-xc-services-external-az3"
    })
    "timeouts" = null /* object */
    "vpc_id" = "vpc-07f3e3f166c21e474"
  }
}
internalSubnets = {
  "az1" = {
    "arn" = "arn:aws:ec2:us-east-1:065972273535:subnet/subnet-0699849310f4293a1"
    "assign_ipv6_address_on_creation" = false
    "availability_zone" = "us-east-1a"
    "availability_zone_id" = "use1-az1"
    "cidr_block" = "100.64.1.0/24"
    "customer_owned_ipv4_pool" = ""
    "enable_dns64" = false
    "enable_resource_name_dns_a_record_on_launch" = false
    "enable_resource_name_dns_aaaa_record_on_launch" = false
    "id" = "subnet-0699849310f4293a1"
    "ipv6_cidr_block" = ""
    "ipv6_cidr_block_association_id" = ""
    "ipv6_native" = false
    "map_customer_owned_ip_on_launch" = false
    "map_public_ip_on_launch" = false
    "outpost_arn" = ""
    "owner_id" = "065972273535"
    "private_dns_hostname_type_on_launch" = "ip-name"
    "tags" = tomap({
      "Name" = "jat-f5-xc-services-internal-az1"
    })
    "tags_all" = tomap({
      "Name" = "jat-f5-xc-services-internal-az1"
    })
    "timeouts" = null /* object */
    "vpc_id" = "vpc-07f3e3f166c21e474"
  }
  "az2" = {
    "arn" = "arn:aws:ec2:us-east-1:065972273535:subnet/subnet-02c5a1fb3f5c72663"
    "assign_ipv6_address_on_creation" = false
    "availability_zone" = "us-east-1b"
    "availability_zone_id" = "use1-az2"
    "cidr_block" = "100.64.4.0/24"
    "customer_owned_ipv4_pool" = ""
    "enable_dns64" = false
    "enable_resource_name_dns_a_record_on_launch" = false
    "enable_resource_name_dns_aaaa_record_on_launch" = false
    "id" = "subnet-02c5a1fb3f5c72663"
    "ipv6_cidr_block" = ""
    "ipv6_cidr_block_association_id" = ""
    "ipv6_native" = false
    "map_customer_owned_ip_on_launch" = false
    "map_public_ip_on_launch" = false
    "outpost_arn" = ""
    "owner_id" = "065972273535"
    "private_dns_hostname_type_on_launch" = "ip-name"
    "tags" = tomap({
      "Name" = "jat-f5-xc-services-internal-az2"
    })
    "tags_all" = tomap({
      "Name" = "jat-f5-xc-services-internal-az2"
    })
    "timeouts" = null /* object */
    "vpc_id" = "vpc-07f3e3f166c21e474"
  }
  "az3" = {
    "arn" = "arn:aws:ec2:us-east-1:065972273535:subnet/subnet-05f6e487e80571d19"
    "assign_ipv6_address_on_creation" = false
    "availability_zone" = "us-east-1c"
    "availability_zone_id" = "use1-az4"
    "cidr_block" = "100.64.7.0/24"
    "customer_owned_ipv4_pool" = ""
    "enable_dns64" = false
    "enable_resource_name_dns_a_record_on_launch" = false
    "enable_resource_name_dns_aaaa_record_on_launch" = false
    "id" = "subnet-05f6e487e80571d19"
    "ipv6_cidr_block" = ""
    "ipv6_cidr_block_association_id" = ""
    "ipv6_native" = false
    "map_customer_owned_ip_on_launch" = false
    "map_public_ip_on_launch" = false
    "outpost_arn" = ""
    "owner_id" = "065972273535"
    "private_dns_hostname_type_on_launch" = "ip-name"
    "tags" = tomap({
      "Name" = "jat-f5-xc-services-internal-az3"
    })
    "tags_all" = tomap({
      "Name" = "jat-f5-xc-services-internal-az3"
    })
    "timeouts" = null /* object */
    "vpc_id" = "vpc-07f3e3f166c21e474"
  }
}
projectPrefix = "jat"
securityGroup = "sg-02c40aaf81dc41baa"
serviceCidrBlock = "100.64.0.0/20"
serviceExternalRouteTable = "rtb-00e0edfdf3c8cbd06"
spoke2ExternalSubnets = {
  "az1" = {
    "arn" = "arn:aws:ec2:us-east-1:065972273535:subnet/subnet-0309d3fd2f5b9aa1c"
    "assign_ipv6_address_on_creation" = false
    "availability_zone" = "us-east-1a"
    "availability_zone_id" = "use1-az1"
    "cidr_block" = "10.0.48.0/24"
    "customer_owned_ipv4_pool" = ""
    "enable_dns64" = false
    "enable_resource_name_dns_a_record_on_launch" = false
    "enable_resource_name_dns_aaaa_record_on_launch" = false
    "id" = "subnet-0309d3fd2f5b9aa1c"
    "ipv6_cidr_block" = ""
    "ipv6_cidr_block_association_id" = ""
    "ipv6_native" = false
    "map_customer_owned_ip_on_launch" = false
    "map_public_ip_on_launch" = true
    "outpost_arn" = ""
    "owner_id" = "065972273535"
    "private_dns_hostname_type_on_launch" = "ip-name"
    "tags" = tomap({
      "Name" = "jat-f5-xc-spoke2-external-az1"
    })
    "tags_all" = tomap({
      "Name" = "jat-f5-xc-spoke2-external-az1"
    })
    "timeouts" = null /* object */
    "vpc_id" = "vpc-07f50e2d75112054b"
  }
  "az2" = {
    "arn" = "arn:aws:ec2:us-east-1:065972273535:subnet/subnet-0e2ff72a2412216ed"
    "assign_ipv6_address_on_creation" = false
    "availability_zone" = "us-east-1b"
    "availability_zone_id" = "use1-az2"
    "cidr_block" = "10.0.51.0/24"
    "customer_owned_ipv4_pool" = ""
    "enable_dns64" = false
    "enable_resource_name_dns_a_record_on_launch" = false
    "enable_resource_name_dns_aaaa_record_on_launch" = false
    "id" = "subnet-0e2ff72a2412216ed"
    "ipv6_cidr_block" = ""
    "ipv6_cidr_block_association_id" = ""
    "ipv6_native" = false
    "map_customer_owned_ip_on_launch" = false
    "map_public_ip_on_launch" = true
    "outpost_arn" = ""
    "owner_id" = "065972273535"
    "private_dns_hostname_type_on_launch" = "ip-name"
    "tags" = tomap({
      "Name" = "jat-f5-xc-spoke2-external-az2"
    })
    "tags_all" = tomap({
      "Name" = "jat-f5-xc-spoke2-external-az2"
    })
    "timeouts" = null /* object */
    "vpc_id" = "vpc-07f50e2d75112054b"
  }
  "az3" = {
    "arn" = "arn:aws:ec2:us-east-1:065972273535:subnet/subnet-0525aac0512adb3ff"
    "assign_ipv6_address_on_creation" = false
    "availability_zone" = "us-east-1c"
    "availability_zone_id" = "use1-az4"
    "cidr_block" = "10.0.54.0/24"
    "customer_owned_ipv4_pool" = ""
    "enable_dns64" = false
    "enable_resource_name_dns_a_record_on_launch" = false
    "enable_resource_name_dns_aaaa_record_on_launch" = false
    "id" = "subnet-0525aac0512adb3ff"
    "ipv6_cidr_block" = ""
    "ipv6_cidr_block_association_id" = ""
    "ipv6_native" = false
    "map_customer_owned_ip_on_launch" = false
    "map_public_ip_on_launch" = true
    "outpost_arn" = ""
    "owner_id" = "065972273535"
    "private_dns_hostname_type_on_launch" = "ip-name"
    "tags" = tomap({
      "Name" = "jat-f5-xc-spoke2-external-az3"
    })
    "tags_all" = tomap({
      "Name" = "jat-f5-xc-spoke2-external-az3"
    })
    "timeouts" = null /* object */
    "vpc_id" = "vpc-07f50e2d75112054b"
  }
}
spoke2SecurityGroup = "sg-0650f4f82275b44bb"
spoke2VpcId = "vpc-07f50e2d75112054b"
spoke2WorkloadSubnets = {
  "az1" = {
    "arn" = "arn:aws:ec2:us-east-1:065972273535:subnet/subnet-0d94f8fbaf459a59a"
    "assign_ipv6_address_on_creation" = false
    "availability_zone" = "us-east-1a"
    "availability_zone_id" = "use1-az1"
    "cidr_block" = "10.0.50.0/24"
    "customer_owned_ipv4_pool" = ""
    "enable_dns64" = false
    "enable_resource_name_dns_a_record_on_launch" = false
    "enable_resource_name_dns_aaaa_record_on_launch" = false
    "id" = "subnet-0d94f8fbaf459a59a"
    "ipv6_cidr_block" = ""
    "ipv6_cidr_block_association_id" = ""
    "ipv6_native" = false
    "map_customer_owned_ip_on_launch" = false
    "map_public_ip_on_launch" = false
    "outpost_arn" = ""
    "owner_id" = "065972273535"
    "private_dns_hostname_type_on_launch" = "ip-name"
    "tags" = tomap({
      "Name" = "jat-f5-xc-spoke2-workload-az1"
    })
    "tags_all" = tomap({
      "Name" = "jat-f5-xc-spoke2-workload-az1"
    })
    "timeouts" = null /* object */
    "vpc_id" = "vpc-07f50e2d75112054b"
  }
  "az2" = {
    "arn" = "arn:aws:ec2:us-east-1:065972273535:subnet/subnet-0335cfc50a34108fd"
    "assign_ipv6_address_on_creation" = false
    "availability_zone" = "us-east-1b"
    "availability_zone_id" = "use1-az2"
    "cidr_block" = "10.0.53.0/24"
    "customer_owned_ipv4_pool" = ""
    "enable_dns64" = false
    "enable_resource_name_dns_a_record_on_launch" = false
    "enable_resource_name_dns_aaaa_record_on_launch" = false
    "id" = "subnet-0335cfc50a34108fd"
    "ipv6_cidr_block" = ""
    "ipv6_cidr_block_association_id" = ""
    "ipv6_native" = false
    "map_customer_owned_ip_on_launch" = false
    "map_public_ip_on_launch" = false
    "outpost_arn" = ""
    "owner_id" = "065972273535"
    "private_dns_hostname_type_on_launch" = "ip-name"
    "tags" = tomap({
      "Name" = "jat-f5-xc-spoke2-workload-az2"
    })
    "tags_all" = tomap({
      "Name" = "jat-f5-xc-spoke2-workload-az2"
    })
    "timeouts" = null /* object */
    "vpc_id" = "vpc-07f50e2d75112054b"
  }
  "az3" = {
    "arn" = "arn:aws:ec2:us-east-1:065972273535:subnet/subnet-03d42377984e8e661"
    "assign_ipv6_address_on_creation" = false
    "availability_zone" = "us-east-1c"
    "availability_zone_id" = "use1-az4"
    "cidr_block" = "10.0.56.0/24"
    "customer_owned_ipv4_pool" = ""
    "enable_dns64" = false
    "enable_resource_name_dns_a_record_on_launch" = false
    "enable_resource_name_dns_aaaa_record_on_launch" = false
    "id" = "subnet-03d42377984e8e661"
    "ipv6_cidr_block" = ""
    "ipv6_cidr_block_association_id" = ""
    "ipv6_native" = false
    "map_customer_owned_ip_on_launch" = false
    "map_public_ip_on_launch" = false
    "outpost_arn" = ""
    "owner_id" = "065972273535"
    "private_dns_hostname_type_on_launch" = "ip-name"
    "tags" = tomap({
      "Name" = "jat-f5-xc-spoke2-workload-az3"
    })
    "tags_all" = tomap({
      "Name" = "jat-f5-xc-spoke2-workload-az3"
    })
    "timeouts" = null /* object */
    "vpc_id" = "vpc-07f50e2d75112054b"
  }
}
spokeExternalSubnets = {
  "az1" = {
    "arn" = "arn:aws:ec2:us-east-1:065972273535:subnet/subnet-0e62d4ac1aab399f6"
    "assign_ipv6_address_on_creation" = false
    "availability_zone" = "us-east-1a"
    "availability_zone_id" = "use1-az1"
    "cidr_block" = "10.0.0.0/24"
    "customer_owned_ipv4_pool" = ""
    "enable_dns64" = false
    "enable_resource_name_dns_a_record_on_launch" = false
    "enable_resource_name_dns_aaaa_record_on_launch" = false
    "id" = "subnet-0e62d4ac1aab399f6"
    "ipv6_cidr_block" = ""
    "ipv6_cidr_block_association_id" = ""
    "ipv6_native" = false
    "map_customer_owned_ip_on_launch" = false
    "map_public_ip_on_launch" = true
    "outpost_arn" = ""
    "owner_id" = "065972273535"
    "private_dns_hostname_type_on_launch" = "ip-name"
    "tags" = tomap({
      "Name" = "jat-f5-xc-spoke-external-az1"
    })
    "tags_all" = tomap({
      "Name" = "jat-f5-xc-spoke-external-az1"
    })
    "timeouts" = null /* object */
    "vpc_id" = "vpc-05299795487a63059"
  }
  "az2" = {
    "arn" = "arn:aws:ec2:us-east-1:065972273535:subnet/subnet-0050e966eaa914488"
    "assign_ipv6_address_on_creation" = false
    "availability_zone" = "us-east-1b"
    "availability_zone_id" = "use1-az2"
    "cidr_block" = "10.0.3.0/24"
    "customer_owned_ipv4_pool" = ""
    "enable_dns64" = false
    "enable_resource_name_dns_a_record_on_launch" = false
    "enable_resource_name_dns_aaaa_record_on_launch" = false
    "id" = "subnet-0050e966eaa914488"
    "ipv6_cidr_block" = ""
    "ipv6_cidr_block_association_id" = ""
    "ipv6_native" = false
    "map_customer_owned_ip_on_launch" = false
    "map_public_ip_on_launch" = true
    "outpost_arn" = ""
    "owner_id" = "065972273535"
    "private_dns_hostname_type_on_launch" = "ip-name"
    "tags" = tomap({
      "Name" = "jat-f5-xc-spoke-external-az2"
    })
    "tags_all" = tomap({
      "Name" = "jat-f5-xc-spoke-external-az2"
    })
    "timeouts" = null /* object */
    "vpc_id" = "vpc-05299795487a63059"
  }
  "az3" = {
    "arn" = "arn:aws:ec2:us-east-1:065972273535:subnet/subnet-058c7011e5d12e322"
    "assign_ipv6_address_on_creation" = false
    "availability_zone" = "us-east-1c"
    "availability_zone_id" = "use1-az4"
    "cidr_block" = "10.0.6.0/24"
    "customer_owned_ipv4_pool" = ""
    "enable_dns64" = false
    "enable_resource_name_dns_a_record_on_launch" = false
    "enable_resource_name_dns_aaaa_record_on_launch" = false
    "id" = "subnet-058c7011e5d12e322"
    "ipv6_cidr_block" = ""
    "ipv6_cidr_block_association_id" = ""
    "ipv6_native" = false
    "map_customer_owned_ip_on_launch" = false
    "map_public_ip_on_launch" = true
    "outpost_arn" = ""
    "owner_id" = "065972273535"
    "private_dns_hostname_type_on_launch" = "ip-name"
    "tags" = tomap({
      "Name" = "jat-f5-xc-spoke-external-az3"
    })
    "tags_all" = tomap({
      "Name" = "jat-f5-xc-spoke-external-az3"
    })
    "timeouts" = null /* object */
    "vpc_id" = "vpc-05299795487a63059"
  }
}
spokeSecurityGroup = "sg-0962bf8b57692ddcc"
spokeVpcId = "vpc-05299795487a63059"
spokeWorkloadSubnets = {
  "az1" = {
    "arn" = "arn:aws:ec2:us-east-1:065972273535:subnet/subnet-0981ea2899dca2b26"
    "assign_ipv6_address_on_creation" = false
    "availability_zone" = "us-east-1a"
    "availability_zone_id" = "use1-az1"
    "cidr_block" = "10.0.2.0/24"
    "customer_owned_ipv4_pool" = ""
    "enable_dns64" = false
    "enable_resource_name_dns_a_record_on_launch" = false
    "enable_resource_name_dns_aaaa_record_on_launch" = false
    "id" = "subnet-0981ea2899dca2b26"
    "ipv6_cidr_block" = ""
    "ipv6_cidr_block_association_id" = ""
    "ipv6_native" = false
    "map_customer_owned_ip_on_launch" = false
    "map_public_ip_on_launch" = false
    "outpost_arn" = ""
    "owner_id" = "065972273535"
    "private_dns_hostname_type_on_launch" = "ip-name"
    "tags" = tomap({
      "Name" = "jat-f5-xc-spoke-workload-az1"
    })
    "tags_all" = tomap({
      "Name" = "jat-f5-xc-spoke-workload-az1"
    })
    "timeouts" = null /* object */
    "vpc_id" = "vpc-05299795487a63059"
  }
  "az2" = {
    "arn" = "arn:aws:ec2:us-east-1:065972273535:subnet/subnet-018774b540989ceb4"
    "assign_ipv6_address_on_creation" = false
    "availability_zone" = "us-east-1b"
    "availability_zone_id" = "use1-az2"
    "cidr_block" = "10.0.5.0/24"
    "customer_owned_ipv4_pool" = ""
    "enable_dns64" = false
    "enable_resource_name_dns_a_record_on_launch" = false
    "enable_resource_name_dns_aaaa_record_on_launch" = false
    "id" = "subnet-018774b540989ceb4"
    "ipv6_cidr_block" = ""
    "ipv6_cidr_block_association_id" = ""
    "ipv6_native" = false
    "map_customer_owned_ip_on_launch" = false
    "map_public_ip_on_launch" = false
    "outpost_arn" = ""
    "owner_id" = "065972273535"
    "private_dns_hostname_type_on_launch" = "ip-name"
    "tags" = tomap({
      "Name" = "jat-f5-xc-spoke-workload-az2"
    })
    "tags_all" = tomap({
      "Name" = "jat-f5-xc-spoke-workload-az2"
    })
    "timeouts" = null /* object */
    "vpc_id" = "vpc-05299795487a63059"
  }
  "az3" = {
    "arn" = "arn:aws:ec2:us-east-1:065972273535:subnet/subnet-00d3d2f4d2bc649bc"
    "assign_ipv6_address_on_creation" = false
    "availability_zone" = "us-east-1c"
    "availability_zone_id" = "use1-az4"
    "cidr_block" = "10.0.8.0/24"
    "customer_owned_ipv4_pool" = ""
    "enable_dns64" = false
    "enable_resource_name_dns_a_record_on_launch" = false
    "enable_resource_name_dns_aaaa_record_on_launch" = false
    "id" = "subnet-00d3d2f4d2bc649bc"
    "ipv6_cidr_block" = ""
    "ipv6_cidr_block_association_id" = ""
    "ipv6_native" = false
    "map_customer_owned_ip_on_launch" = false
    "map_public_ip_on_launch" = false
    "outpost_arn" = ""
    "owner_id" = "065972273535"
    "private_dns_hostname_type_on_launch" = "ip-name"
    "tags" = tomap({
      "Name" = "jat-f5-xc-spoke-workload-az3"
    })
    "tags_all" = tomap({
      "Name" = "jat-f5-xc-spoke-workload-az3"
    })
    "timeouts" = null /* object */
    "vpc_id" = "vpc-05299795487a63059"
  }
}
vpcId = "vpc-07f3e3f166c21e474"
workloadSubnets = {
  "az1" = {
    "arn" = "arn:aws:ec2:us-east-1:065972273535:subnet/subnet-0e746cdbeede1c7ec"
    "assign_ipv6_address_on_creation" = false
    "availability_zone" = "us-east-1a"
    "availability_zone_id" = "use1-az1"
    "cidr_block" = "100.64.2.0/24"
    "customer_owned_ipv4_pool" = ""
    "enable_dns64" = false
    "enable_resource_name_dns_a_record_on_launch" = false
    "enable_resource_name_dns_aaaa_record_on_launch" = false
    "id" = "subnet-0e746cdbeede1c7ec"
    "ipv6_cidr_block" = ""
    "ipv6_cidr_block_association_id" = ""
    "ipv6_native" = false
    "map_customer_owned_ip_on_launch" = false
    "map_public_ip_on_launch" = false
    "outpost_arn" = ""
    "owner_id" = "065972273535"
    "private_dns_hostname_type_on_launch" = "ip-name"
    "tags" = tomap({
      "Name" = "jat-f5-xc-services-workload-az1"
    })
    "tags_all" = tomap({
      "Name" = "jat-f5-xc-services-workload-az1"
    })
    "timeouts" = null /* object */
    "vpc_id" = "vpc-07f3e3f166c21e474"
  }
  "az2" = {
    "arn" = "arn:aws:ec2:us-east-1:065972273535:subnet/subnet-0e438e27829a4b96d"
    "assign_ipv6_address_on_creation" = false
    "availability_zone" = "us-east-1b"
    "availability_zone_id" = "use1-az2"
    "cidr_block" = "100.64.5.0/24"
    "customer_owned_ipv4_pool" = ""
    "enable_dns64" = false
    "enable_resource_name_dns_a_record_on_launch" = false
    "enable_resource_name_dns_aaaa_record_on_launch" = false
    "id" = "subnet-0e438e27829a4b96d"
    "ipv6_cidr_block" = ""
    "ipv6_cidr_block_association_id" = ""
    "ipv6_native" = false
    "map_customer_owned_ip_on_launch" = false
    "map_public_ip_on_launch" = false
    "outpost_arn" = ""
    "owner_id" = "065972273535"
    "private_dns_hostname_type_on_launch" = "ip-name"
    "tags" = tomap({
      "Name" = "jat-f5-xc-services-workload-az2"
    })
    "tags_all" = tomap({
      "Name" = "jat-f5-xc-services-workload-az2"
    })
    "timeouts" = null /* object */
    "vpc_id" = "vpc-07f3e3f166c21e474"
  }
  "az3" = {
    "arn" = "arn:aws:ec2:us-east-1:065972273535:subnet/subnet-07e62d78199f2391e"
    "assign_ipv6_address_on_creation" = false
    "availability_zone" = "us-east-1c"
    "availability_zone_id" = "use1-az4"
    "cidr_block" = "100.64.8.0/24"
    "customer_owned_ipv4_pool" = ""
    "enable_dns64" = false
    "enable_resource_name_dns_a_record_on_launch" = false
    "enable_resource_name_dns_aaaa_record_on_launch" = false
    "id" = "subnet-07e62d78199f2391e"
    "ipv6_cidr_block" = ""
    "ipv6_cidr_block_association_id" = ""
    "ipv6_native" = false
    "map_customer_owned_ip_on_launch" = false
    "map_public_ip_on_launch" = false
    "outpost_arn" = ""
    "owner_id" = "065972273535"
    "private_dns_hostname_type_on_launch" = "ip-name"
    "tags" = tomap({
      "Name" = "jat-f5-xc-services-workload-az3"
    })
    "tags_all" = tomap({
      "Name" = "jat-f5-xc-services-workload-az3"
    })
    "timeouts" = null /* object */
    "vpc_id" = "vpc-07f3e3f166c21e474"
  }
}
[33m╷[0m[0m
[33m│[0m [0m[1m[33mWarning: [0m[0m[1mNo outputs found[0m
[33m│[0m [0m
[33m│[0m [0m[0mThe state file either has no outputs defined, or all the defined outputs
[33m│[0m [0mare empty. Please define an output in your configuration with the `output`
[33m│[0m [0mkeyword and run `terraform refresh` for it to become available. If you are
[33m│[0m [0musing interpolation, please verify the interpolated value is not empty. You
[33m│[0m [0mcan use the `terraform console` command to assist.
[33m╵[0m[0m
[33m╷[0m[0m
[33m│[0m [0m[1m[33mWarning: [0m[0m[1mNo outputs found[0m
[33m│[0m [0m
[33m│[0m [0m[0mThe state file either has no outputs defined, or all the defined outputs
[33m│[0m [0mare empty. Please define an output in your configuration with the `output`
[33m│[0m [0mkeyword and run `terraform refresh` for it to become available. If you are
[33m│[0m [0musing interpolation, please verify the interpolated value is not empty. You
[33m│[0m [0mcan use the `terraform console` command to assist.
[33m╵[0m[0m
nlbdnsname = "jat-ext-nlb-a008901adb80c266.elb.us-east-1.amazonaws.com"
route53ips = toset([
  {
    "ip" = "100.64.0.109"
    "ip_id" = "rni-bb1d72b0674246a4b"
    "subnet_id" = "subnet-0530edde3c09984e8"
  },
  {
    "ip" = "100.64.3.161"
    "ip_id" = "rni-99b9dc78558b40d0a"
    "subnet_id" = "subnet-0b9466727afd82221"
  },
])
route54zoneid = "Z03508103MBK6125MQDMJ"
AWS_INSTANCE = "44.202.198.113"
private_ips = tolist([
  "100.64.0.10",
  "100.64.6.57",
  "100.64.3.9",
])
public_ips = tolist([
  "44.207.234.142",
  "44.207.234.219",
  "44.207.234.119",
])
xcmesh = {
  "filter" = toset(null) /* of object */
  "id" = "us-east-1"
  "ids" = tolist([
    "i-0ad54897c50752fcb",
    "i-0a98ce5a58606274f",
    "i-0e6ad8525ef2c5056",
  ])
  "instance_state_names" = toset([
    "running",
  ])
  "instance_tags" = tomap({
    "ves-io-site-name" = "jat-tgw-1"
  })
  "private_ips" = tolist([
    "100.64.0.10",
    "100.64.6.57",
    "100.64.3.9",
  ])
  "public_ips" = tolist([
    "44.207.234.142",
    "44.207.234.219",
    "44.207.234.119",
  ])
}
private_ips = tolist([
  "100.64.36.179",
  "100.64.32.210",
  "100.64.35.57",
])
public_ips = tolist([
  "52.27.145.251",
  "52.43.167.177",
  "35.165.221.238",
])
xcmesh = {
  "filter" = toset(null) /* of object */
  "id" = "us-west-2"
  "ids" = tolist([
    "i-0cfc770c4fb7c918b",
    "i-0bc1818e8f916a217",
    "i-0d248202c6089d009",
  ])
  "instance_state_names" = toset([
    "running",
  ])
  "instance_tags" = tomap({
    "ves-io-site-name" = "jat-tgw-2"
  })
  "private_ips" = tolist([
    "100.64.36.179",
    "100.64.32.210",
    "100.64.35.57",
  ])
  "public_ips" = tolist([
    "52.27.145.251",
    "52.43.167.177",
    "35.165.221.238",
  ])
}
AWS_INSTANCE = "54.191.216.223"
workload_ip = "10.0.34.119"
AWS_INSTANCE = "3.231.154.212"
AWS_INSTANCE2 = "44.200.211.80"
workload_ip = "10.0.2.202"
workload_ip2 = "10.0.50.58"
[33m╷[0m[0m
[33m│[0m [0m[1m[33mWarning: [0m[0m[1mNo outputs found[0m
[33m│[0m [0m
[33m│[0m [0m[0mThe state file either has no outputs defined, or all the defined outputs
[33m│[0m [0mare empty. Please define an output in your configuration with the `output`
[33m│[0m [0mkeyword and run `terraform refresh` for it to become available. If you are
[33m│[0m [0musing interpolation, please verify the interpolated value is not empty. You
[33m│[0m [0mcan use the `terraform console` command to assist.
[33m╵[0m[0m
[33m╷[0m[0m
[33m│[0m [0m[1m[33mWarning: [0m[0m[1mNo outputs found[0m
[33m│[0m [0m
[33m│[0m [0m[0mThe state file either has no outputs defined, or all the defined outputs
[33m│[0m [0mare empty. Please define an output in your configuration with the `output`
[33m│[0m [0mkeyword and run `terraform refresh` for it to become available. If you are
[33m│[0m [0musing interpolation, please verify the interpolated value is not empty. You
[33m│[0m [0mcan use the `terraform console` command to assist.
[33m╵[0m[0m
[33m╷[0m[0m
[33m│[0m [0m[1m[33mWarning: [0m[0m[1mNo outputs found[0m
[33m│[0m [0m
[33m│[0m [0m[0mThe state file either has no outputs defined, or all the defined outputs
[33m│[0m [0mare empty. Please define an output in your configuration with the `output`
[33m│[0m [0mkeyword and run `terraform refresh` for it to become available. If you are
[33m│[0m [0musing interpolation, please verify the interpolated value is not empty. You
[33m│[0m [0mcan use the `terraform console` command to assist.
[33m╵[0m[0m
nlbdnsname = "jat-ext-nlb-af800ac8f2868d39.elb.us-west-2.amazonaws.com"
route53ips = toset([
  {
    "ip" = "100.64.32.41"
    "ip_id" = "rni-c8e2bddf7f1241469"
    "subnet_id" = "subnet-09df7aa691c690a58"
  },
  {
    "ip" = "100.64.35.130"
    "ip_id" = "rni-2c2caf0555644e0cb"
    "subnet_id" = "subnet-0a6d0839d8ffa146a"
  },
])
